1574966926275	mozrunner::runner	INFO	Running command: "C:\\Program Files (x86)\\Mozilla Firefox\\firefox.exe" "-marionette" "-foreground" "-no-remote" "-profile" "C:\\Users\\say10\\AppData\\Local\\Temp\\rust_mozprofile.QIxmlsadETeI"
1574966926879	addons.webextension.screenshots@mozilla.org	WARN	Loading extension 'screenshots@mozilla.org': Reading manifest: Invalid extension permission: mozillaAddons
1574966926879	addons.webextension.screenshots@mozilla.org	WARN	Loading extension 'screenshots@mozilla.org': Reading manifest: Invalid extension permission: telemetry
1574966926879	addons.webextension.screenshots@mozilla.org	WARN	Loading extension 'screenshots@mozilla.org': Reading manifest: Invalid extension permission: resource://pdf.js/
1574966926879	addons.webextension.screenshots@mozilla.org	WARN	Loading extension 'screenshots@mozilla.org': Reading manifest: Invalid extension permission: about:reader*
JavaScript error: resource://gre/modules/XULStore.jsm, line 66: Error: Can't find profile directory.
1574966929520	Marionette	INFO	Listening on port 50045
1574966929951	Marionette	WARN	TLS certificate errors will be ignored for this session
1574966954030	Marionette	WARN	TimedPromise timed out after 500 ms: stacktrace:
bail@chrome://marionette/content/sync.js:237:64
1574966991850	Marionette	WARN	TimedPromise timed out after 500 ms: stacktrace:
bail@chrome://marionette/content/sync.js:237:64
JavaScript error: https://www.scopus.com/gzip_239575119/bundles/RecordPageTopMaster.js, line 134: TypeError: document.RecordPageForm is undefined
1574967224060	Marionette	WARN	TimedPromise timed out after 500 ms: stacktrace:
bail@chrome://marionette/content/sync.js:237:64
1574967292028	Marionette	WARN	TimedPromise timed out after 500 ms: stacktrace:
bail@chrome://marionette/content/sync.js:237:64
JavaScript error: https://www.scopus.com/gzip_239575119/bundles/RecordPageTopMaster.js, line 134: TypeError: document.RecordPageForm is undefined
1574967321156	Marionette	WARN	TimedPromise timed out after 500 ms: stacktrace:
bail@chrome://marionette/content/sync.js:237:64
JavaScript error: https://www.scopus.com/gzip_239575119/bundles/RecordPageTopMaster.js, line 134: TypeError: document.RecordPageForm is undefined
1574967384061	Marionette	WARN	TimedPromise timed out after 500 ms: stacktrace:
bail@chrome://marionette/content/sync.js:237:64
1574967417407	Marionette	WARN	TimedPromise timed out after 500 ms: stacktrace:
bail@chrome://marionette/content/sync.js:237:64
1574967451683	Marionette	WARN	TimedPromise timed out after 500 ms: stacktrace:
bail@chrome://marionette/content/sync.js:237:64
1574967486221	Marionette	WARN	TimedPromise timed out after 500 ms: stacktrace:
bail@chrome://marionette/content/sync.js:237:64
1574967552791	Marionette	WARN	TimedPromise timed out after 500 ms: stacktrace:
bail@chrome://marionette/content/sync.js:237:64
1574967625002	Marionette	WARN	TimedPromise timed out after 500 ms: stacktrace:
bail@chrome://marionette/content/sync.js:237:64
1574967692349	Marionette	WARN	TimedPromise timed out after 500 ms: stacktrace:
bail@chrome://marionette/content/sync.js:237:64
JavaScript error: https://www.scopus.com/gzip_494336216/bundles/AuthorProfileTopMaster.js, line 233: TypeError: response is null
1574967894677	Marionette	WARN	TimedPromise timed out after 500 ms: stacktrace:
bail@chrome://marionette/content/sync.js:237:64
1574968030107	Marionette	WARN	TimedPromise timed out after 500 ms: stacktrace:
bail@chrome://marionette/content/sync.js:237:64
1574968205694	Marionette	WARN	TimedPromise timed out after 500 ms: stacktrace:
bail@chrome://marionette/content/sync.js:237:64
1574968239073	Marionette	WARN	TimedPromise timed out after 500 ms: stacktrace:
bail@chrome://marionette/content/sync.js:237:64
1574968409667	Marionette	WARN	TimedPromise timed out after 500 ms: stacktrace:
bail@chrome://marionette/content/sync.js:237:64
1574968424708	Marionette	INFO	Stopped listening on port 50045
[Child 9784, Chrome_ChildThread] WARNING: pipe error: 109: file z:/task_1572402546/build/src/ipc/chromium/src/chrome/common/ipc_channel_win.cc, line 341
[Child 9784, Chrome_ChildThread] WARNING: pipe error: 1[Parent 4964, Gecko_IOThread] WARNING: pipe error: 109: file z:/task_1572402546/build/src/ipc/chromium/src/chrome/common/ipc_channel_win.cc, line 341
[GPU 8492, Chrome_C
###!!! [Child][RunMessage] Error: Channel closing: too late to send/recv, messages will be lost

h
###!!! [Child][MessageChannel::SendAndWait] Error: Channel error: cannot send/recv

 timed out after 500 ms: stacktrace:
bail@chrome://marionette/content/sync.js:237:64
[GFX1-]: [D3D11] 2 CreateTexture2D failure Size: Size(1284,894)texture11: false Code: 0x8007000e
[GFX1-]: [D3D11] 2 CreateTexture2D failure Size: Size(1140,740)texture11: false Code: 0x8007000e
[GFX1-]: (gfxWindowsPlatform) Detected device reset: 3
[GFX1-]: (gfxWindowsPlatform) scheduled device update.
[GFX1-]: LayerManager::EndTransaction skip RenderLayer().
[GFX1-]: GFX: AL_D3D11 abandoned sync
[GFX1-]: GFX: D3D11 detected a device reset in Present
[GFX1-]: D3D11 swap chain failed to present: 0x887a0005
[GFX1-]: (gfxWindowsPlatform) Detected device reset: 3
[GFX1-]: (gfxWindowsPlatform) scheduled device update.
[GFX1-]: LayerManager::EndTransaction skip RenderLayer().
[GFX1-]: (gfxWindowsPlatform) Detected device reset: 3
[GFX1-]: (gfxWindowsPlatform) scheduled device update.
[GFX1-]: (gfxWindowsPlatform) Detected device reset: 3
[GFX1-]: (gfxWindowsPlatform) scheduled device update.
[GFX1-]: LayerManager::EndTransaction skip RenderLayer().
[GFX1-]: (gfxWindowsPlatform) Detected device reset: 3
[GFX1-]: (gfxWindowsPlatform) scheduled device update.
[GFX1-]: (gfxWindowsPlatform) Detected device reset: 3
[GFX1-]: (gfxWindowsPlatform) scheduled device update.
[GFX1-]: (gfxWindowsPlatform) Detected device reset: 3
[GFX1-]: (gfxWindowsPlatform) scheduled device update.
[GFX1-]: LayerManager::EndTransaction skip RenderLayer().
[GFX1-]: (gfxWindowsPlatform) Detected device reset: 3
[GFX1-]: (gfxWindowsPlatform) scheduled device update.
[GFX1-]: LayerManager::EndTransaction skip RenderLayer().
[GFX1-]: (gfxWindowsPlatform) Detected device reset: 3
[GFX1-]: (gfxWindowsPlatform) scheduled device update.
[GFX1-]: LayerManager::EndTransaction skip RenderLayer().
[GFX1-]: (gfxWindowsPlatform) Detected device reset: 3
[GFX1-]: (gfxWindowsPlatform) scheduled device update.
[GFX1-]: LayerManager::EndTransaction skip RenderLayer().
ERR: testDeviceLost(1890): The D3D11 device was removed, HRESULT: 0x887A0007
1574195828855	Marionette	WARN	TimedPromise timed out after 500 ms: stacktrace:
bail@chrome://marionette/con[Child 9664, Chrome_ChildThread] WARNING: pipe error: 109: file z:/task_1572402546/build/src/ipc/chromium/src/chrome/common/ipc_channel_win.cc, line 341
[Child 9664, Chrome_ChildThread] WARNING: pipe error: 109: file z:[Child 8252, Chrome_ChildThread] WARNING: pipe error: 109: file z:/task_1572402546/build/src/ipc/chromium/src/chrome/common/ipc_channel_win.cc, line 341
[Child 8252, Chrome_Child1574200276514	Marionette	INFO	Stopped listening on port 54609

###!!! [Child][RunMessage] Error: Channel closing: too late to send/recv, messages will be lost

[GPU 6988, Chrome_ChildThread]
###!!! [Child][MessageChannel::SendAndWait] Error: Channel error: cannot send/recv

arionette	WARN	TimedPromise timed out after 500 ms: stacktrace:
bail@chrome://marionette/content/sync.js:237:64
1574196053205	Marionette	WARN	TimedPromise timed out after 500 ms: stacktrace:
bail@chrome://marionette/content/sync.js:237:64
1574196085537	Marionette	WARN	TimedPromise timed out after 500 ms: stacktrace:
bail@chrome://marionette/content/sync.js:237:64
1574196117967	Marionette	WARN	TimedPromise timed out after 500 ms: stacktrace:
bail@chrome://marionette/content/sync.js:237:64
1574196150293	Marionette	WARN	TimedPromise timed out after 500 ms: stacktrace:
bail@chrome://marionette/content/sync.js:237:64
1574196182321	Marionette	WARN	TimedPromise timed out after 500 ms: stacktrace:
bail@chrome://marionette/content/sync.js:237:64
1574196214048	Marionette	WARN	TimedPromise timed out after 500 ms: stacktrace:
bail@chrome://marionette/content/sync.js:237:64
1574196246259	Marionette	WARN	TimedPromise timed out after 500 ms: stacktrace:
bail@chrome://marionette/content/sync.js:237:64
1574196279013	Marionette	WARN	TimedPromise timed out after 500 ms: stacktrace:
bail@chrome://marionette/content/sync.js:237:64
1574196311787	Marionette	WARN	TimedPromise timed out after 500 ms: stacktrace:
bail@chrome://marionette/content/sync.js:237:64
1574196327833	Marionette	INFO	Stopped listening on port 55028
[Child 7828, Chrome_ChildThread] WARNING: pipe error: 109: file z:/task_1572402546/build/src/ipc/chromium/src/chrome/common/ipc_channel_win.cc, line 341
[Child 7828, Chrome_ChildThread] WARNING: pipe error: 109: file z:/task_1572402546[GPU 13816, Chrome_C
###!!! [Child][MessageChannel::SendAndWait] Error: Channel error: cannot send/recv

00 ms: stacktrace:
bail@chrome://marionette/content/sync.js:237:64
JavaScript error: https://www.scopus.com/gzip_N806072365/bundles/masterjquery.js, line 91: SecurityError: Permission denied to access property "nodeType" on cross-origin object
1567604350110	Marionette	WARN	TimedPromise timed out after 500 ms: stacktrace:
bail@chrome://marionette/content/sync.js:237:64
JavaScript error: https://www.scopus.com/gzip_N806072365/bundles/masterjquery.js, line 91: SecurityError: Permission denied to access property "nodeType" on cross-origin object
1567604356757	Marionette	WARN	TimedPromise timed out after 500 ms: stacktrace:
bail@chrome://marionette/content/sync.js:237:64
JavaScript error: https://www.scopus.com/gzip_N806072365/bundles/masterjquery.js, line 91: SecurityError: Permission denied to access property "nodeType" on cross-origin object
1567604362975	Marionette	WARN	TimedPromise timed out after 500 ms: stacktrace:
bail@chrome://marionette/content/sync.js:237:64
JavaScript error: https://www.scopus.com/gzip_N690417452/bundles/AuthorProfileTopMaster.js, line 62: TypeError: tempString is undefined
JavaScript error: https://www.scopus.com/gzip_N806072365/bundles/masterjquery.js, line 91: SecurityError: Permission denied to access property "nodeType" on cross-origin object
1567604369064	Marionette	WARN	TimedPromise timed out after 500 ms: stacktrace:
bail@chrome://marionette/content/sync.js:237:64
JavaScript error: https://www.scopus.com/gzip_N806072365/bundles/masterjquery.js, line 91: SecurityError: Permission denied to access property "nodeType" on cross-origin object
1567604375210	Marionette	WARN	TimedPromise timed out after 500 ms: stacktrace:
bail@chrome://marionette/content/sync.js:237:64
JavaScript error: https://www.scopus.com/gzip_N806072365/bundles/masterjquery.js, line 91: SecurityError: Permission denied to access property "nodeType" on cross-origin object
1567604380983	Marionette	WARN	TimedPromise timed out after 500 ms: stacktrace:
bail@chrome://marionette/content/sync.js:237:64
JavaScript error: https://www.scopus.com/gzip_N806072365/bundles/masterjquery.js, line 91: SecurityError: Permission denied to access property "nodeType" on cross-origin object
1567604387167	Marionette	WARN	TimedPromise timed out after 500 ms: stacktrace:
bail@chrome://marionette/content/sync.js:237:64
JavaScript error: https://www.scopus.com/gzip_N806072365/bundles/masterjquery.js, line 91: SecurityError: Permission denied to access property "nodeType" on cross-origin object
1567604393189	Marionette	WARN	TimedPromise timed out after 500 ms: stacktrace:
bail@chrome://marionette/content/sync.js:237:64
JavaScript error: https://www.scopus.com/gzip_N806072365/bundles/masterjquery.js, line 91: SecurityError: Permission denied to access property "nodeType" on cross-origin object
1567604399509	Marionette	WARN	TimedPromise timed out after 500 ms: stacktrace:
bail@chrome://marionette/content/sync.js:237:64
JavaScript error: https://www.scopus.com/gzip_N806072365/bundles/masterjquery.js, line 91: SecurityError: Permission denied to access property "nodeType" on cross-origin object
1567604405601	Marionette	WARN	TimedPromise timed out after 500 ms: stacktrace:
bail@chrome://marionette/content/sync.js:237:64
JavaScript error: https://www.scopus.com/gzip_N690417452/bundles/AuthorProfileTopMaster.js, line 62: TypeError: tempString is undefined
JavaScript error: https://www.scopus.com/gzip_N806072365/bundles/masterjquery.js, line 91: SecurityError: Permission denied to access property "nodeType" on cross-origin object
1567604411060	Marionette	WARN	TimedPromise timed out after 500 ms: stacktrace:
bail@chrome://marionette/content/sync.js:237:64
JavaScript error: https://www.scopus.com/gzip_N806072365/bundles/masterjquery.js, line 91: SecurityError: Permission denied to access property "nodeType" on cross-origin object
1567604417598	Marionette	WARN	TimedPromise timed out after 500 ms: stacktrace:
bail@chrome://marionette/content/sync.js:237:64
JavaScript error: https://www.scopus.com/gzip_N806072365/bundles/masterjquery.js, line 91: SecurityError: Permission denied to access property "nodeType" on cross-origin object
1567604423088	Marionette	WARN	TimedPromise timed out after 500 ms: stacktrace:
bail@chrome://marionette/content/sync.js:237:64
JavaScript error: https://www.scopus.com/gzip_N806072365/bundles/masterjquery.js, line 91: SecurityError: Permission denied to access property "nodeType" on cross-origin object
1567604429067	Marionette	WARN	TimedPromise timed out after 500 ms: stacktrace:
bail@chrome://marionette/content/sync.js:237:64
JavaScript error: https://www.scopus.com/gzip_N806072365/bundles/masterjquery.js, line 91: SecurityError: Permission denied to access property "nodeType" on cross-origin object
1567604435669	Marionette	WARN	TimedPromise timed out after 500 ms: stacktrace:
bail@chrome://marionette/content/sync.js:237:64
JavaScript error: https://www.scopus.com/gzip_N806072365/bundles/masterjquery.js, line 91: SecurityError: Permission denied to access property "nodeType" on cross-origin object
1567604441623	Marionette	WARN	TimedPromise timed out after 500 ms: stacktrace:
bail@chrome://marionette/content/sync.js:237:64
JavaScript error: https://www.scopus.com/gzip_N806072365/bundles/masterjquery.js, line 91: SecurityError: Permission denied to access property "nodeType" on cross-origin object
1567604447344	Marionette	WARN	TimedPromise timed out after 500 ms: stacktrace:
bail@chrome://marionette/content/sync.js:237:64
JavaScript error: https://www.scopus.com/gzip_N806072365/bundles/masterjquery.js, line 91: SecurityError: Permission denied to access property "nodeType" on cross-origin object
1567604453586	Marionette	WARN	TimedPromise timed out after 500 ms: stacktrace:
bail@chrome://marionette/content/sync.js:237:64
1567604453792	Marionette	INFO	Stopped listening on port 53752
[Child 16300, Chrome_ChildThread] WARNING: pipe error: 109: file z:/task_1566861941/build/src/ipc/chromium/src/chrome/common/ipc_channel_win.cc, line 341
[Child 16300, Chrome_ChildThrea[Child 5512, Chrome_ChildThread] WARNING: pipe error: 109: file z:/task_1566861941/build/src/ipc/chromium/src/chrome/common/ipc_channel_win.cc, line 341
[Child 5512, Chrome_ChildThread] WARNING: pipe error: 109[Child 15932, Chrome_ChildThread] WARNING: pipe error: 109: file z:/task_1566861941/build/src/ipc/chromium/src/chrome/common/ipc_channel_win.cc, line 341
[Child 15932, Chrome_ChildThread] WAR
###!!! [Child][RunMessage] Error: Channel closing: too late to send/recv, messages will be lost

[GPU 16376, Chrome_C
###!!! [Child][MessageChannel::SendAndWait] Error: Channel error: cannot send/recv

